  stdafx.cpp
  Animation.cpp
  Application.cpp
  Console.cpp
  InputManager.cpp
C:\Users\Sunrin\Desktop\2020GamePrograming\4일차\GameEngine\GameEngine\InputManager.cpp(47,27): warning C4244: '인수': 'LONG'에서 'FLOAT'(으)로 변환하면서 데이터가 손실될 수 있습니다.
C:\Users\Sunrin\Desktop\2020GamePrograming\4일차\GameEngine\GameEngine\InputManager.cpp(47,22): warning C4244: '인수': 'LONG'에서 'FLOAT'(으)로 변환하면서 데이터가 손실될 수 있습니다.
  main.cpp
  Object.cpp
C:\Users\Sunrin\Desktop\2020GamePrograming\4일차\GameEngine\GameEngine\Object.cpp(65,17): warning C4244: '+=': 'FLOAT'에서 'LONG'(으)로 변환하면서 데이터가 손실될 수 있습니다.
C:\Users\Sunrin\Desktop\2020GamePrograming\4일차\GameEngine\GameEngine\Object.cpp(66,18): warning C4244: '+=': 'FLOAT'에서 'LONG'(으)로 변환하면서 데이터가 손실될 수 있습니다.
C:\Users\Sunrin\Desktop\2020GamePrograming\4일차\GameEngine\GameEngine\Object.cpp(67,16): warning C4244: '+=': 'FLOAT'에서 'LONG'(으)로 변환하면서 데이터가 손실될 수 있습니다.
C:\Users\Sunrin\Desktop\2020GamePrograming\4일차\GameEngine\GameEngine\Object.cpp(68,19): warning C4244: '+=': 'FLOAT'에서 'LONG'(으)로 변환하면서 데이터가 손실될 수 있습니다.
C:\Users\Sunrin\Desktop\2020GamePrograming\4일차\GameEngine\GameEngine\Object.cpp(70,17): warning C4244: '+=': 'FLOAT'에서 'LONG'(으)로 변환하면서 데이터가 손실될 수 있습니다.
C:\Users\Sunrin\Desktop\2020GamePrograming\4일차\GameEngine\GameEngine\Object.cpp(71,18): warning C4244: '+=': 'FLOAT'에서 'LONG'(으)로 변환하면서 데이터가 손실될 수 있습니다.
C:\Users\Sunrin\Desktop\2020GamePrograming\4일차\GameEngine\GameEngine\Object.cpp(72,16): warning C4244: '+=': 'FLOAT'에서 'LONG'(으)로 변환하면서 데이터가 손실될 수 있습니다.
C:\Users\Sunrin\Desktop\2020GamePrograming\4일차\GameEngine\GameEngine\Object.cpp(73,19): warning C4244: '+=': 'FLOAT'에서 'LONG'(으)로 변환하면서 데이터가 손실될 수 있습니다.
C:\Users\Sunrin\Desktop\2020GamePrograming\4일차\GameEngine\GameEngine\Object.cpp(80,15): warning C4244: '+=': 'FLOAT'에서 'LONG'(으)로 변환하면서 데이터가 손실될 수 있습니다.
C:\Users\Sunrin\Desktop\2020GamePrograming\4일차\GameEngine\GameEngine\Object.cpp(81,16): warning C4244: '+=': 'FLOAT'에서 'LONG'(으)로 변환하면서 데이터가 손실될 수 있습니다.
C:\Users\Sunrin\Desktop\2020GamePrograming\4일차\GameEngine\GameEngine\Object.cpp(82,14): warning C4244: '+=': 'FLOAT'에서 'LONG'(으)로 변환하면서 데이터가 손실될 수 있습니다.
C:\Users\Sunrin\Desktop\2020GamePrograming\4일차\GameEngine\GameEngine\Object.cpp(83,17): warning C4244: '+=': 'FLOAT'에서 'LONG'(으)로 변환하면서 데이터가 손실될 수 있습니다.
C:\Users\Sunrin\Desktop\2020GamePrograming\4일차\GameEngine\GameEngine\Object.cpp(100,12): warning C4244: 'return': 'FLOAT'에서 'int'(으)로 변환하면서 데이터가 손실될 수 있습니다.
C:\Users\Sunrin\Desktop\2020GamePrograming\4일차\GameEngine\GameEngine\Object.cpp(105,12): warning C4244: 'return': 'FLOAT'에서 'int'(으)로 변환하면서 데이터가 손실될 수 있습니다.
C:\Users\Sunrin\Desktop\2020GamePrograming\4일차\GameEngine\GameEngine\Object.cpp(116,10): warning C4244: '=': 'int'에서 'FLOAT'(으)로 변환하면서 데이터가 손실될 수 있습니다.
C:\Users\Sunrin\Desktop\2020GamePrograming\4일차\GameEngine\GameEngine\Object.cpp(117,10): warning C4244: '=': 'int'에서 'FLOAT'(으)로 변환하면서 데이터가 손실될 수 있습니다.
  Scene.cpp
  SceneManager.cpp
  SoundManager.cpp
  Sprite.cpp
C:\Users\Sunrin\Desktop\2020GamePrograming\4일차\GameEngine\GameEngine\Sprite.cpp(61,48): warning C4244: '인수': 'int'에서 'FLOAT'(으)로 변환하면서 데이터가 손실될 수 있습니다.
C:\Users\Sunrin\Desktop\2020GamePrograming\4일차\GameEngine\GameEngine\Sprite.cpp(61,35): warning C4244: '인수': 'int'에서 'FLOAT'(으)로 변환하면서 데이터가 손실될 수 있습니다.
  TextureManager.cpp
  코드를 생성하고 있습니다...
LINK : fatal error LNK1104: 'd3dx9.lib' 파일을 열 수 없습니다.
