  stdafx.cpp
  Animation.cpp
  Application.cpp
  Console.cpp
  GameScene.cpp
C:\Users\Sunrin\Desktop\2020GamePrograming\5일차\GameEngine\GameEngine\GameScene.cpp(57,54): warning C4244: '인수': 'float'에서 'int'(으)로 변환하면서 데이터가 손실될 수 있습니다.
C:\Users\Sunrin\Desktop\2020GamePrograming\5일차\GameEngine\GameEngine\GameScene.cpp(60,55): warning C4244: '인수': 'float'에서 'int'(으)로 변환하면서 데이터가 손실될 수 있습니다.
C:\Users\Sunrin\Desktop\2020GamePrograming\5일차\GameEngine\GameEngine\GameScene.cpp(62,56): warning C4244: '인수': 'float'에서 'int'(으)로 변환하면서 데이터가 손실될 수 있습니다.
C:\Users\Sunrin\Desktop\2020GamePrograming\5일차\GameEngine\GameEngine\GameScene.cpp(88,10): warning C4244: '초기화 중': 'float'에서 'int'(으)로 변환하면서 데이터가 손실될 수 있습니다.
  InputManager.cpp
C:\Users\Sunrin\Desktop\2020GamePrograming\5일차\GameEngine\GameEngine\InputManager.cpp(47,27): warning C4244: '인수': 'LONG'에서 'FLOAT'(으)로 변환하면서 데이터가 손실될 수 있습니다.
C:\Users\Sunrin\Desktop\2020GamePrograming\5일차\GameEngine\GameEngine\InputManager.cpp(47,22): warning C4244: '인수': 'LONG'에서 'FLOAT'(으)로 변환하면서 데이터가 손실될 수 있습니다.
  main.cpp
  MainScene.cpp
  Object.cpp
C:\Users\Sunrin\Desktop\2020GamePrograming\5일차\GameEngine\GameEngine\Object.cpp(65,18): warning C4244: '+=': 'FLOAT'에서 'LONG'(으)로 변환하면서 데이터가 손실될 수 있습니다.
C:\Users\Sunrin\Desktop\2020GamePrograming\5일차\GameEngine\GameEngine\Object.cpp(66,19): warning C4244: '+=': 'FLOAT'에서 'LONG'(으)로 변환하면서 데이터가 손실될 수 있습니다.
C:\Users\Sunrin\Desktop\2020GamePrograming\5일차\GameEngine\GameEngine\Object.cpp(67,17): warning C4244: '+=': 'FLOAT'에서 'LONG'(으)로 변환하면서 데이터가 손실될 수 있습니다.
C:\Users\Sunrin\Desktop\2020GamePrograming\5일차\GameEngine\GameEngine\Object.cpp(68,20): warning C4244: '+=': 'FLOAT'에서 'LONG'(으)로 변환하면서 데이터가 손실될 수 있습니다.
C:\Users\Sunrin\Desktop\2020GamePrograming\5일차\GameEngine\GameEngine\Object.cpp(102,12): warning C4244: 'return': 'FLOAT'에서 'int'(으)로 변환하면서 데이터가 손실될 수 있습니다.
C:\Users\Sunrin\Desktop\2020GamePrograming\5일차\GameEngine\GameEngine\Object.cpp(107,12): warning C4244: 'return': 'FLOAT'에서 'int'(으)로 변환하면서 데이터가 손실될 수 있습니다.
C:\Users\Sunrin\Desktop\2020GamePrograming\5일차\GameEngine\GameEngine\Object.cpp(118,10): warning C4244: '=': 'int'에서 'FLOAT'(으)로 변환하면서 데이터가 손실될 수 있습니다.
C:\Users\Sunrin\Desktop\2020GamePrograming\5일차\GameEngine\GameEngine\Object.cpp(119,10): warning C4244: '=': 'int'에서 'FLOAT'(으)로 변환하면서 데이터가 손실될 수 있습니다.
  Scene.cpp
  SceneManager.cpp
  SoundManager.cpp
  Sprite.cpp
C:\Users\Sunrin\Desktop\2020GamePrograming\5일차\GameEngine\GameEngine\Sprite.cpp(61,48): warning C4244: '인수': 'int'에서 'FLOAT'(으)로 변환하면서 데이터가 손실될 수 있습니다.
C:\Users\Sunrin\Desktop\2020GamePrograming\5일차\GameEngine\GameEngine\Sprite.cpp(61,35): warning C4244: '인수': 'int'에서 'FLOAT'(으)로 변환하면서 데이터가 손실될 수 있습니다.
  TextureManager.cpp
  코드를 생성하고 있습니다...
LINK : fatal error LNK1104: 'd3dx9.lib' 파일을 열 수 없습니다.
